-------------------------------------------------------------------------------
Test set: com.launchacademy.javaspringdata.DemoApplicationTests
-------------------------------------------------------------------------------
Tests run: 1, Failures: 0, Errors: 1, Skipped: 0, Time elapsed: 4.198 s <<< FAILURE! - in com.launchacademy.javaspringdata.DemoApplicationTests
contextLoads(com.launchacademy.javaspringdata.DemoApplicationTests)  Time elapsed: 0 s  <<< ERROR!
java.lang.IllegalStateException: Failed to load ApplicationContext
Caused by: org.springframework.beans.factory.BeanCreationException: Error creating bean with name 'entityManagerFactory' defined in class path resource [org/springframework/boot/autoconfigure/orm/jpa/HibernateJpaConfiguration.class]: Invocation of init method failed; nested exception is javax.persistence.PersistenceException: [PersistenceUnit: default] Unable to build Hibernate SessionFactory; nested exception is org.hibernate.tool.schema.spi.SchemaManagementException: Schema-validation: wrong column type encountered in column [id] in table [app_categories]; found [serial (Types#INTEGER)], but expecting [int8 (Types#BIGINT)]
Caused by: javax.persistence.PersistenceException: [PersistenceUnit: default] Unable to build Hibernate SessionFactory; nested exception is org.hibernate.tool.schema.spi.SchemaManagementException: Schema-validation: wrong column type encountered in column [id] in table [app_categories]; found [serial (Types#INTEGER)], but expecting [int8 (Types#BIGINT)]
Caused by: org.hibernate.tool.schema.spi.SchemaManagementException: Schema-validation: wrong column type encountered in column [id] in table [app_categories]; found [serial (Types#INTEGER)], but expecting [int8 (Types#BIGINT)]

